
  You can now view your Streamlit app in your browser.

  Local URL: http://localhost:8506
  Network URL: http://10.0.1.3:8506

/Users/Home/Documents/FinancialDashboard/financial_dashboard/app.py:406: DeprecationWarning: The parameter "ln" is deprecated since v2.5.2. Instead of ln=1 use new_x=XPos.LMARGIN, new_y=YPos.NEXT.
  pdf.cell(0, 15, sanitize_for_pdf("The Retirement Dashboard"), ln=1, align="C")
/Users/Home/Documents/FinancialDashboard/financial_dashboard/app.py:408: DeprecationWarning: The parameter "ln" is deprecated since v2.5.2. Instead of ln=1 use new_x=XPos.LMARGIN, new_y=YPos.NEXT.
  pdf.cell(0, 10, sanitize_for_pdf(f"Report Generated: {datetime.now().strftime('%Y-%m-%d')}"), ln=1, align="C")
/Users/Home/Documents/FinancialDashboard/financial_dashboard/app.py:412: DeprecationWarning: The parameter "ln" is deprecated since v2.5.2. Instead of ln=1 use new_x=XPos.LMARGIN, new_y=YPos.NEXT.
  pdf.cell(0, 10, sanitize_for_pdf("1. Profile Summary"), ln=1, fill=False)
/Users/Home/Documents/FinancialDashboard/financial_dashboard/app.py:425: DeprecationWarning: The parameter "ln" is deprecated since v2.5.2. Instead of ln=1 use new_x=XPos.LMARGIN, new_y=YPos.NEXT.
  pdf.cell(col_width, 8, sanitize_for_pdf(f"Name: {personal.get('name', 'N/A')}"), ln=1)
/Users/Home/Documents/FinancialDashboard/financial_dashboard/app.py:426: DeprecationWarning: The parameter "ln" is deprecated since v2.5.2. Instead of ln=1 use new_x=XPos.LMARGIN, new_y=YPos.NEXT.
  pdf.cell(col_width, 8, sanitize_for_pdf(f"Retirement Age: {personal.get('retirement_age', 65)}"), ln=1)
/Users/Home/Documents/FinancialDashboard/financial_dashboard/app.py:427: DeprecationWarning: The parameter "ln" is deprecated since v2.5.2. Instead of ln=1 use new_x=XPos.LMARGIN, new_y=YPos.NEXT.
  pdf.cell(col_width, 8, sanitize_for_pdf(f"Life Expectancy: {personal.get('life_expectancy', 95)}"), ln=1)
/Users/Home/Documents/FinancialDashboard/financial_dashboard/app.py:431: DeprecationWarning: The parameter "ln" is deprecated since v2.5.2. Instead of ln=1 use new_x=XPos.LMARGIN, new_y=YPos.NEXT.
  pdf.cell(col_width, 8, sanitize_for_pdf(f"CPP Start: {gov.get('cpp_start_age', 65)} (${gov.get('cpp_amount', 0):,.0f}/mo)"), ln=1)
/Users/Home/Documents/FinancialDashboard/financial_dashboard/app.py:432: DeprecationWarning: The parameter "ln" is deprecated since v2.5.2. Instead of ln=1 use new_x=XPos.LMARGIN, new_y=YPos.NEXT.
  pdf.cell(col_width, 8, sanitize_for_pdf(f"OAS Start: {gov.get('oas_start_age', 65)} (${gov.get('oas_amount', 0):,.0f}/mo)"), ln=1)
/Users/Home/Documents/FinancialDashboard/financial_dashboard/app.py:457: DeprecationWarning: The parameter "ln" is deprecated since v2.5.2. Instead of ln=1 use new_x=XPos.LMARGIN, new_y=YPos.NEXT.
  pdf.cell(0, 10, sanitize_for_pdf("Snapshot Metrics"), ln=1)
/Users/Home/Documents/FinancialDashboard/financial_dashboard/app.py:480: DeprecationWarning: The parameter "ln" is deprecated since v2.5.2. Instead of ln=1 use new_x=XPos.LMARGIN, new_y=YPos.NEXT.
  pdf.cell(0, 10, sanitize_for_pdf("2. The Big Picture"), ln=1)
/Users/Home/Documents/FinancialDashboard/financial_dashboard/app.py:504: DeprecationWarning: The parameter "ln" is deprecated since v2.5.2. Instead of ln=1 use new_x=XPos.LMARGIN, new_y=YPos.NEXT.
  pdf.cell(90, 8, sanitize_for_pdf("Assets"), ln=1)
/Users/Home/Documents/FinancialDashboard/financial_dashboard/app.py:522: DeprecationWarning: The parameter "ln" is deprecated since v2.5.2. Instead of ln=1 use new_x=XPos.LMARGIN, new_y=YPos.NEXT.
  pdf.cell(90, 8, sanitize_for_pdf("Liabilities"), ln=1)
/Users/Home/Documents/FinancialDashboard/financial_dashboard/app.py:537: DeprecationWarning: The parameter "ln" is deprecated since v2.5.2. Instead of ln=1 use new_x=XPos.LMARGIN, new_y=YPos.NEXT.
  pdf.cell(0, 10, sanitize_for_pdf("3. How Long Will It Last?"), ln=1)
/Users/Home/Documents/FinancialDashboard/financial_dashboard/app.py:539: DeprecationWarning: The parameter "ln" is deprecated since v2.5.2. Instead of ln=1 use new_x=XPos.LMARGIN, new_y=YPos.NEXT.
  pdf.cell(0, 6, sanitize_for_pdf(f"Simulation Parameters: Inflation {sim_inflation}%, Return {sim_return}%"), ln=1)
2026-01-29 17:17:33.432 Uncaught app execution
Traceback (most recent call last):
  File "/Users/Home/Documents/FinancialDashboard/venv/lib/python3.9/site-packages/streamlit/runtime/scriptrunner/exec_code.py", line 128, in exec_func_with_error_handling
    result = func()
  File "/Users/Home/Documents/FinancialDashboard/venv/lib/python3.9/site-packages/streamlit/runtime/scriptrunner/script_runner.py", line 669, in code_to_exec
    exec(code, module.__dict__)  # noqa: S102
  File "/Users/Home/Documents/FinancialDashboard/financial_dashboard/app.py", line 2277, in <module>
    main()
  File "/Users/Home/Documents/FinancialDashboard/financial_dashboard/app.py", line 914, in main
    pdf_bytes = create_pdf_report(data, sim_inflation=curr_inf, sim_return=curr_ret)
  File "/Users/Home/Documents/FinancialDashboard/financial_dashboard/app.py", line 581, in create_pdf_report
    custom_ticks_p, planned_ret_age, (current_age >= planned_ret_age),
NameError: name 'planned_ret_age' is not defined
/Users/Home/Documents/FinancialDashboard/financial_dashboard/app.py:406: DeprecationWarning: The parameter "ln" is deprecated since v2.5.2. Instead of ln=1 use new_x=XPos.LMARGIN, new_y=YPos.NEXT.
  pdf.cell(0, 15, sanitize_for_pdf("The Retirement Dashboard"), ln=1, align="C")
/Users/Home/Documents/FinancialDashboard/financial_dashboard/app.py:408: DeprecationWarning: The parameter "ln" is deprecated since v2.5.2. Instead of ln=1 use new_x=XPos.LMARGIN, new_y=YPos.NEXT.
  pdf.cell(0, 10, sanitize_for_pdf(f"Report Generated: {datetime.now().strftime('%Y-%m-%d')}"), ln=1, align="C")
/Users/Home/Documents/FinancialDashboard/financial_dashboard/app.py:412: DeprecationWarning: The parameter "ln" is deprecated since v2.5.2. Instead of ln=1 use new_x=XPos.LMARGIN, new_y=YPos.NEXT.
  pdf.cell(0, 10, sanitize_for_pdf("1. Profile Summary"), ln=1, fill=False)
/Users/Home/Documents/FinancialDashboard/financial_dashboard/app.py:425: DeprecationWarning: The parameter "ln" is deprecated since v2.5.2. Instead of ln=1 use new_x=XPos.LMARGIN, new_y=YPos.NEXT.
  pdf.cell(col_width, 8, sanitize_for_pdf(f"Name: {personal.get('name', 'N/A')}"), ln=1)
/Users/Home/Documents/FinancialDashboard/financial_dashboard/app.py:426: DeprecationWarning: The parameter "ln" is deprecated since v2.5.2. Instead of ln=1 use new_x=XPos.LMARGIN, new_y=YPos.NEXT.
  pdf.cell(col_width, 8, sanitize_for_pdf(f"Retirement Age: {personal.get('retirement_age', 65)}"), ln=1)
/Users/Home/Documents/FinancialDashboard/financial_dashboard/app.py:427: DeprecationWarning: The parameter "ln" is deprecated since v2.5.2. Instead of ln=1 use new_x=XPos.LMARGIN, new_y=YPos.NEXT.
  pdf.cell(col_width, 8, sanitize_for_pdf(f"Life Expectancy: {personal.get('life_expectancy', 95)}"), ln=1)
/Users/Home/Documents/FinancialDashboard/financial_dashboard/app.py:431: DeprecationWarning: The parameter "ln" is deprecated since v2.5.2. Instead of ln=1 use new_x=XPos.LMARGIN, new_y=YPos.NEXT.
  pdf.cell(col_width, 8, sanitize_for_pdf(f"CPP Start: {gov.get('cpp_start_age', 65)} (${gov.get('cpp_amount', 0):,.0f}/mo)"), ln=1)
/Users/Home/Documents/FinancialDashboard/financial_dashboard/app.py:432: DeprecationWarning: The parameter "ln" is deprecated since v2.5.2. Instead of ln=1 use new_x=XPos.LMARGIN, new_y=YPos.NEXT.
  pdf.cell(col_width, 8, sanitize_for_pdf(f"OAS Start: {gov.get('oas_start_age', 65)} (${gov.get('oas_amount', 0):,.0f}/mo)"), ln=1)
/Users/Home/Documents/FinancialDashboard/financial_dashboard/app.py:457: DeprecationWarning: The parameter "ln" is deprecated since v2.5.2. Instead of ln=1 use new_x=XPos.LMARGIN, new_y=YPos.NEXT.
  pdf.cell(0, 10, sanitize_for_pdf("Snapshot Metrics"), ln=1)
/Users/Home/Documents/FinancialDashboard/financial_dashboard/app.py:480: DeprecationWarning: The parameter "ln" is deprecated since v2.5.2. Instead of ln=1 use new_x=XPos.LMARGIN, new_y=YPos.NEXT.
  pdf.cell(0, 10, sanitize_for_pdf("2. The Big Picture"), ln=1)
/Users/Home/Documents/FinancialDashboard/financial_dashboard/app.py:504: DeprecationWarning: The parameter "ln" is deprecated since v2.5.2. Instead of ln=1 use new_x=XPos.LMARGIN, new_y=YPos.NEXT.
  pdf.cell(90, 8, sanitize_for_pdf("Assets"), ln=1)
/Users/Home/Documents/FinancialDashboard/financial_dashboard/app.py:522: DeprecationWarning: The parameter "ln" is deprecated since v2.5.2. Instead of ln=1 use new_x=XPos.LMARGIN, new_y=YPos.NEXT.
  pdf.cell(90, 8, sanitize_for_pdf("Liabilities"), ln=1)
/Users/Home/Documents/FinancialDashboard/financial_dashboard/app.py:537: DeprecationWarning: The parameter "ln" is deprecated since v2.5.2. Instead of ln=1 use new_x=XPos.LMARGIN, new_y=YPos.NEXT.
  pdf.cell(0, 10, sanitize_for_pdf("3. How Long Will It Last?"), ln=1)
/Users/Home/Documents/FinancialDashboard/financial_dashboard/app.py:539: DeprecationWarning: The parameter "ln" is deprecated since v2.5.2. Instead of ln=1 use new_x=XPos.LMARGIN, new_y=YPos.NEXT.
  pdf.cell(0, 6, sanitize_for_pdf(f"Simulation Parameters: Inflation {sim_inflation}%, Return {sim_return}%"), ln=1)
/Users/Home/Documents/FinancialDashboard/financial_dashboard/app.py:606: DeprecationWarning:

The parameter "ln" is deprecated since v2.5.2. Instead of ln=1 use new_x=XPos.LMARGIN, new_y=YPos.NEXT.

/Users/Home/Documents/FinancialDashboard/financial_dashboard/app.py:611: DeprecationWarning:

The parameter "ln" is deprecated since v2.5.2. Instead of ln=1 use new_x=XPos.LMARGIN, new_y=YPos.NEXT.

/Users/Home/Documents/FinancialDashboard/financial_dashboard/app.py:628: DeprecationWarning:

The parameter "ln" is deprecated since v2.5.2. Instead of ln=1 use new_x=XPos.LMARGIN, new_y=YPos.NEXT.

/Users/Home/Documents/FinancialDashboard/financial_dashboard/app.py:406: DeprecationWarning:

The parameter "ln" is deprecated since v2.5.2. Instead of ln=1 use new_x=XPos.LMARGIN, new_y=YPos.NEXT.

/Users/Home/Documents/FinancialDashboard/financial_dashboard/app.py:408: DeprecationWarning:

The parameter "ln" is deprecated since v2.5.2. Instead of ln=1 use new_x=XPos.LMARGIN, new_y=YPos.NEXT.

/Users/Home/Documents/FinancialDashboard/financial_dashboard/app.py:412: DeprecationWarning:

The parameter "ln" is deprecated since v2.5.2. Instead of ln=1 use new_x=XPos.LMARGIN, new_y=YPos.NEXT.

/Users/Home/Documents/FinancialDashboard/financial_dashboard/app.py:425: DeprecationWarning:

The parameter "ln" is deprecated since v2.5.2. Instead of ln=1 use new_x=XPos.LMARGIN, new_y=YPos.NEXT.

/Users/Home/Documents/FinancialDashboard/financial_dashboard/app.py:426: DeprecationWarning:

The parameter "ln" is deprecated since v2.5.2. Instead of ln=1 use new_x=XPos.LMARGIN, new_y=YPos.NEXT.

/Users/Home/Documents/FinancialDashboard/financial_dashboard/app.py:427: DeprecationWarning:

The parameter "ln" is deprecated since v2.5.2. Instead of ln=1 use new_x=XPos.LMARGIN, new_y=YPos.NEXT.

/Users/Home/Documents/FinancialDashboard/financial_dashboard/app.py:431: DeprecationWarning:

The parameter "ln" is deprecated since v2.5.2. Instead of ln=1 use new_x=XPos.LMARGIN, new_y=YPos.NEXT.

/Users/Home/Documents/FinancialDashboard/financial_dashboard/app.py:432: DeprecationWarning:

The parameter "ln" is deprecated since v2.5.2. Instead of ln=1 use new_x=XPos.LMARGIN, new_y=YPos.NEXT.

/Users/Home/Documents/FinancialDashboard/financial_dashboard/app.py:457: DeprecationWarning:

The parameter "ln" is deprecated since v2.5.2. Instead of ln=1 use new_x=XPos.LMARGIN, new_y=YPos.NEXT.

/Users/Home/Documents/FinancialDashboard/financial_dashboard/app.py:480: DeprecationWarning:

The parameter "ln" is deprecated since v2.5.2. Instead of ln=1 use new_x=XPos.LMARGIN, new_y=YPos.NEXT.

/Users/Home/Documents/FinancialDashboard/financial_dashboard/app.py:504: DeprecationWarning:

The parameter "ln" is deprecated since v2.5.2. Instead of ln=1 use new_x=XPos.LMARGIN, new_y=YPos.NEXT.

/Users/Home/Documents/FinancialDashboard/financial_dashboard/app.py:522: DeprecationWarning:

The parameter "ln" is deprecated since v2.5.2. Instead of ln=1 use new_x=XPos.LMARGIN, new_y=YPos.NEXT.

/Users/Home/Documents/FinancialDashboard/financial_dashboard/app.py:537: DeprecationWarning:

The parameter "ln" is deprecated since v2.5.2. Instead of ln=1 use new_x=XPos.LMARGIN, new_y=YPos.NEXT.

/Users/Home/Documents/FinancialDashboard/financial_dashboard/app.py:539: DeprecationWarning:

The parameter "ln" is deprecated since v2.5.2. Instead of ln=1 use new_x=XPos.LMARGIN, new_y=YPos.NEXT.

/Users/Home/Documents/FinancialDashboard/financial_dashboard/app.py:606: DeprecationWarning:

The parameter "ln" is deprecated since v2.5.2. Instead of ln=1 use new_x=XPos.LMARGIN, new_y=YPos.NEXT.

/Users/Home/Documents/FinancialDashboard/financial_dashboard/app.py:611: DeprecationWarning:

The parameter "ln" is deprecated since v2.5.2. Instead of ln=1 use new_x=XPos.LMARGIN, new_y=YPos.NEXT.

/Users/Home/Documents/FinancialDashboard/financial_dashboard/app.py:628: DeprecationWarning:

The parameter "ln" is deprecated since v2.5.2. Instead of ln=1 use new_x=XPos.LMARGIN, new_y=YPos.NEXT.

/Users/Home/Documents/FinancialDashboard/financial_dashboard/app.py:406: DeprecationWarning:

The parameter "ln" is deprecated since v2.5.2. Instead of ln=1 use new_x=XPos.LMARGIN, new_y=YPos.NEXT.

/Users/Home/Documents/FinancialDashboard/financial_dashboard/app.py:408: DeprecationWarning:

The parameter "ln" is deprecated since v2.5.2. Instead of ln=1 use new_x=XPos.LMARGIN, new_y=YPos.NEXT.

/Users/Home/Documents/FinancialDashboard/financial_dashboard/app.py:412: DeprecationWarning:

The parameter "ln" is deprecated since v2.5.2. Instead of ln=1 use new_x=XPos.LMARGIN, new_y=YPos.NEXT.

/Users/Home/Documents/FinancialDashboard/financial_dashboard/app.py:425: DeprecationWarning:

The parameter "ln" is deprecated since v2.5.2. Instead of ln=1 use new_x=XPos.LMARGIN, new_y=YPos.NEXT.

/Users/Home/Documents/FinancialDashboard/financial_dashboard/app.py:426: DeprecationWarning:

The parameter "ln" is deprecated since v2.5.2. Instead of ln=1 use new_x=XPos.LMARGIN, new_y=YPos.NEXT.

/Users/Home/Documents/FinancialDashboard/financial_dashboard/app.py:427: DeprecationWarning:

The parameter "ln" is deprecated since v2.5.2. Instead of ln=1 use new_x=XPos.LMARGIN, new_y=YPos.NEXT.

/Users/Home/Documents/FinancialDashboard/financial_dashboard/app.py:431: DeprecationWarning:

The parameter "ln" is deprecated since v2.5.2. Instead of ln=1 use new_x=XPos.LMARGIN, new_y=YPos.NEXT.

/Users/Home/Documents/FinancialDashboard/financial_dashboard/app.py:432: DeprecationWarning:

The parameter "ln" is deprecated since v2.5.2. Instead of ln=1 use new_x=XPos.LMARGIN, new_y=YPos.NEXT.

/Users/Home/Documents/FinancialDashboard/financial_dashboard/app.py:457: DeprecationWarning:

The parameter "ln" is deprecated since v2.5.2. Instead of ln=1 use new_x=XPos.LMARGIN, new_y=YPos.NEXT.

/Users/Home/Documents/FinancialDashboard/financial_dashboard/app.py:480: DeprecationWarning:

The parameter "ln" is deprecated since v2.5.2. Instead of ln=1 use new_x=XPos.LMARGIN, new_y=YPos.NEXT.

/Users/Home/Documents/FinancialDashboard/financial_dashboard/app.py:504: DeprecationWarning:

The parameter "ln" is deprecated since v2.5.2. Instead of ln=1 use new_x=XPos.LMARGIN, new_y=YPos.NEXT.

/Users/Home/Documents/FinancialDashboard/financial_dashboard/app.py:522: DeprecationWarning:

The parameter "ln" is deprecated since v2.5.2. Instead of ln=1 use new_x=XPos.LMARGIN, new_y=YPos.NEXT.

/Users/Home/Documents/FinancialDashboard/financial_dashboard/app.py:537: DeprecationWarning:

The parameter "ln" is deprecated since v2.5.2. Instead of ln=1 use new_x=XPos.LMARGIN, new_y=YPos.NEXT.

/Users/Home/Documents/FinancialDashboard/financial_dashboard/app.py:539: DeprecationWarning:

The parameter "ln" is deprecated since v2.5.2. Instead of ln=1 use new_x=XPos.LMARGIN, new_y=YPos.NEXT.

/Users/Home/Documents/FinancialDashboard/financial_dashboard/app.py:606: DeprecationWarning:

The parameter "ln" is deprecated since v2.5.2. Instead of ln=1 use new_x=XPos.LMARGIN, new_y=YPos.NEXT.

/Users/Home/Documents/FinancialDashboard/financial_dashboard/app.py:611: DeprecationWarning:

The parameter "ln" is deprecated since v2.5.2. Instead of ln=1 use new_x=XPos.LMARGIN, new_y=YPos.NEXT.

/Users/Home/Documents/FinancialDashboard/financial_dashboard/app.py:628: DeprecationWarning:

The parameter "ln" is deprecated since v2.5.2. Instead of ln=1 use new_x=XPos.LMARGIN, new_y=YPos.NEXT.

/Users/Home/Documents/FinancialDashboard/financial_dashboard/app.py:406: DeprecationWarning:

The parameter "ln" is deprecated since v2.5.2. Instead of ln=1 use new_x=XPos.LMARGIN, new_y=YPos.NEXT.

/Users/Home/Documents/FinancialDashboard/financial_dashboard/app.py:408: DeprecationWarning:

The parameter "ln" is deprecated since v2.5.2. Instead of ln=1 use new_x=XPos.LMARGIN, new_y=YPos.NEXT.

/Users/Home/Documents/FinancialDashboard/financial_dashboard/app.py:412: DeprecationWarning:

The parameter "ln" is deprecated since v2.5.2. Instead of ln=1 use new_x=XPos.LMARGIN, new_y=YPos.NEXT.

/Users/Home/Documents/FinancialDashboard/financial_dashboard/app.py:425: DeprecationWarning:

The parameter "ln" is deprecated since v2.5.2. Instead of ln=1 use new_x=XPos.LMARGIN, new_y=YPos.NEXT.

/Users/Home/Documents/FinancialDashboard/financial_dashboard/app.py:426: DeprecationWarning:

The parameter "ln" is deprecated since v2.5.2. Instead of ln=1 use new_x=XPos.LMARGIN, new_y=YPos.NEXT.

/Users/Home/Documents/FinancialDashboard/financial_dashboard/app.py:427: DeprecationWarning:

The parameter "ln" is deprecated since v2.5.2. Instead of ln=1 use new_x=XPos.LMARGIN, new_y=YPos.NEXT.

/Users/Home/Documents/FinancialDashboard/financial_dashboard/app.py:431: DeprecationWarning:

The parameter "ln" is deprecated since v2.5.2. Instead of ln=1 use new_x=XPos.LMARGIN, new_y=YPos.NEXT.

/Users/Home/Documents/FinancialDashboard/financial_dashboard/app.py:432: DeprecationWarning:

The parameter "ln" is deprecated since v2.5.2. Instead of ln=1 use new_x=XPos.LMARGIN, new_y=YPos.NEXT.

/Users/Home/Documents/FinancialDashboard/financial_dashboard/app.py:457: DeprecationWarning:

The parameter "ln" is deprecated since v2.5.2. Instead of ln=1 use new_x=XPos.LMARGIN, new_y=YPos.NEXT.

/Users/Home/Documents/FinancialDashboard/financial_dashboard/app.py:480: DeprecationWarning:

The parameter "ln" is deprecated since v2.5.2. Instead of ln=1 use new_x=XPos.LMARGIN, new_y=YPos.NEXT.

/Users/Home/Documents/FinancialDashboard/financial_dashboard/app.py:504: DeprecationWarning:

The parameter "ln" is deprecated since v2.5.2. Instead of ln=1 use new_x=XPos.LMARGIN, new_y=YPos.NEXT.

/Users/Home/Documents/FinancialDashboard/financial_dashboard/app.py:522: DeprecationWarning:

The parameter "ln" is deprecated since v2.5.2. Instead of ln=1 use new_x=XPos.LMARGIN, new_y=YPos.NEXT.

/Users/Home/Documents/FinancialDashboard/financial_dashboard/app.py:537: DeprecationWarning:

The parameter "ln" is deprecated since v2.5.2. Instead of ln=1 use new_x=XPos.LMARGIN, new_y=YPos.NEXT.

/Users/Home/Documents/FinancialDashboard/financial_dashboard/app.py:539: DeprecationWarning:

The parameter "ln" is deprecated since v2.5.2. Instead of ln=1 use new_x=XPos.LMARGIN, new_y=YPos.NEXT.

/Users/Home/Documents/FinancialDashboard/financial_dashboard/app.py:606: DeprecationWarning:

The parameter "ln" is deprecated since v2.5.2. Instead of ln=1 use new_x=XPos.LMARGIN, new_y=YPos.NEXT.

/Users/Home/Documents/FinancialDashboard/financial_dashboard/app.py:611: DeprecationWarning:

The parameter "ln" is deprecated since v2.5.2. Instead of ln=1 use new_x=XPos.LMARGIN, new_y=YPos.NEXT.

/Users/Home/Documents/FinancialDashboard/financial_dashboard/app.py:628: DeprecationWarning:

The parameter "ln" is deprecated since v2.5.2. Instead of ln=1 use new_x=XPos.LMARGIN, new_y=YPos.NEXT.

/Users/Home/Documents/FinancialDashboard/financial_dashboard/app.py:406: DeprecationWarning:

The parameter "ln" is deprecated since v2.5.2. Instead of ln=1 use new_x=XPos.LMARGIN, new_y=YPos.NEXT.

/Users/Home/Documents/FinancialDashboard/financial_dashboard/app.py:408: DeprecationWarning:

The parameter "ln" is deprecated since v2.5.2. Instead of ln=1 use new_x=XPos.LMARGIN, new_y=YPos.NEXT.

/Users/Home/Documents/FinancialDashboard/financial_dashboard/app.py:412: DeprecationWarning:

The parameter "ln" is deprecated since v2.5.2. Instead of ln=1 use new_x=XPos.LMARGIN, new_y=YPos.NEXT.

/Users/Home/Documents/FinancialDashboard/financial_dashboard/app.py:425: DeprecationWarning:

The parameter "ln" is deprecated since v2.5.2. Instead of ln=1 use new_x=XPos.LMARGIN, new_y=YPos.NEXT.

/Users/Home/Documents/FinancialDashboard/financial_dashboard/app.py:426: DeprecationWarning:

The parameter "ln" is deprecated since v2.5.2. Instead of ln=1 use new_x=XPos.LMARGIN, new_y=YPos.NEXT.

/Users/Home/Documents/FinancialDashboard/financial_dashboard/app.py:427: DeprecationWarning:

The parameter "ln" is deprecated since v2.5.2. Instead of ln=1 use new_x=XPos.LMARGIN, new_y=YPos.NEXT.

/Users/Home/Documents/FinancialDashboard/financial_dashboard/app.py:431: DeprecationWarning:

The parameter "ln" is deprecated since v2.5.2. Instead of ln=1 use new_x=XPos.LMARGIN, new_y=YPos.NEXT.

/Users/Home/Documents/FinancialDashboard/financial_dashboard/app.py:432: DeprecationWarning:

The parameter "ln" is deprecated since v2.5.2. Instead of ln=1 use new_x=XPos.LMARGIN, new_y=YPos.NEXT.

/Users/Home/Documents/FinancialDashboard/financial_dashboard/app.py:457: DeprecationWarning:

The parameter "ln" is deprecated since v2.5.2. Instead of ln=1 use new_x=XPos.LMARGIN, new_y=YPos.NEXT.

/Users/Home/Documents/FinancialDashboard/financial_dashboard/app.py:480: DeprecationWarning:

The parameter "ln" is deprecated since v2.5.2. Instead of ln=1 use new_x=XPos.LMARGIN, new_y=YPos.NEXT.

/Users/Home/Documents/FinancialDashboard/financial_dashboard/app.py:504: DeprecationWarning:

The parameter "ln" is deprecated since v2.5.2. Instead of ln=1 use new_x=XPos.LMARGIN, new_y=YPos.NEXT.

/Users/Home/Documents/FinancialDashboard/financial_dashboard/app.py:522: DeprecationWarning:

The parameter "ln" is deprecated since v2.5.2. Instead of ln=1 use new_x=XPos.LMARGIN, new_y=YPos.NEXT.

/Users/Home/Documents/FinancialDashboard/financial_dashboard/app.py:537: DeprecationWarning:

The parameter "ln" is deprecated since v2.5.2. Instead of ln=1 use new_x=XPos.LMARGIN, new_y=YPos.NEXT.

/Users/Home/Documents/FinancialDashboard/financial_dashboard/app.py:539: DeprecationWarning:

The parameter "ln" is deprecated since v2.5.2. Instead of ln=1 use new_x=XPos.LMARGIN, new_y=YPos.NEXT.

/Users/Home/Documents/FinancialDashboard/financial_dashboard/app.py:606: DeprecationWarning:

The parameter "ln" is deprecated since v2.5.2. Instead of ln=1 use new_x=XPos.LMARGIN, new_y=YPos.NEXT.

/Users/Home/Documents/FinancialDashboard/financial_dashboard/app.py:611: DeprecationWarning:

The parameter "ln" is deprecated since v2.5.2. Instead of ln=1 use new_x=XPos.LMARGIN, new_y=YPos.NEXT.

/Users/Home/Documents/FinancialDashboard/financial_dashboard/app.py:628: DeprecationWarning:

The parameter "ln" is deprecated since v2.5.2. Instead of ln=1 use new_x=XPos.LMARGIN, new_y=YPos.NEXT.

/Users/Home/Documents/FinancialDashboard/financial_dashboard/app.py:406: DeprecationWarning:

The parameter "ln" is deprecated since v2.5.2. Instead of ln=1 use new_x=XPos.LMARGIN, new_y=YPos.NEXT.

/Users/Home/Documents/FinancialDashboard/financial_dashboard/app.py:408: DeprecationWarning:

The parameter "ln" is deprecated since v2.5.2. Instead of ln=1 use new_x=XPos.LMARGIN, new_y=YPos.NEXT.

/Users/Home/Documents/FinancialDashboard/financial_dashboard/app.py:412: DeprecationWarning:

The parameter "ln" is deprecated since v2.5.2. Instead of ln=1 use new_x=XPos.LMARGIN, new_y=YPos.NEXT.

/Users/Home/Documents/FinancialDashboard/financial_dashboard/app.py:425: DeprecationWarning:

The parameter "ln" is deprecated since v2.5.2. Instead of ln=1 use new_x=XPos.LMARGIN, new_y=YPos.NEXT.

/Users/Home/Documents/FinancialDashboard/financial_dashboard/app.py:426: DeprecationWarning:

The parameter "ln" is deprecated since v2.5.2. Instead of ln=1 use new_x=XPos.LMARGIN, new_y=YPos.NEXT.

/Users/Home/Documents/FinancialDashboard/financial_dashboard/app.py:427: DeprecationWarning:

The parameter "ln" is deprecated since v2.5.2. Instead of ln=1 use new_x=XPos.LMARGIN, new_y=YPos.NEXT.

/Users/Home/Documents/FinancialDashboard/financial_dashboard/app.py:431: DeprecationWarning:

The parameter "ln" is deprecated since v2.5.2. Instead of ln=1 use new_x=XPos.LMARGIN, new_y=YPos.NEXT.

/Users/Home/Documents/FinancialDashboard/financial_dashboard/app.py:432: DeprecationWarning:

The parameter "ln" is deprecated since v2.5.2. Instead of ln=1 use new_x=XPos.LMARGIN, new_y=YPos.NEXT.

/Users/Home/Documents/FinancialDashboard/financial_dashboard/app.py:457: DeprecationWarning:

The parameter "ln" is deprecated since v2.5.2. Instead of ln=1 use new_x=XPos.LMARGIN, new_y=YPos.NEXT.

/Users/Home/Documents/FinancialDashboard/financial_dashboard/app.py:480: DeprecationWarning:

The parameter "ln" is deprecated since v2.5.2. Instead of ln=1 use new_x=XPos.LMARGIN, new_y=YPos.NEXT.

/Users/Home/Documents/FinancialDashboard/financial_dashboard/app.py:406: DeprecationWarning:

The parameter "ln" is deprecated since v2.5.2. Instead of ln=1 use new_x=XPos.LMARGIN, new_y=YPos.NEXT.

/Users/Home/Documents/FinancialDashboard/financial_dashboard/app.py:408: DeprecationWarning:

The parameter "ln" is deprecated since v2.5.2. Instead of ln=1 use new_x=XPos.LMARGIN, new_y=YPos.NEXT.

/Users/Home/Documents/FinancialDashboard/financial_dashboard/app.py:412: DeprecationWarning:

The parameter "ln" is deprecated since v2.5.2. Instead of ln=1 use new_x=XPos.LMARGIN, new_y=YPos.NEXT.

/Users/Home/Documents/FinancialDashboard/financial_dashboard/app.py:425: DeprecationWarning:

The parameter "ln" is deprecated since v2.5.2. Instead of ln=1 use new_x=XPos.LMARGIN, new_y=YPos.NEXT.

/Users/Home/Documents/FinancialDashboard/financial_dashboard/app.py:426: DeprecationWarning:

The parameter "ln" is deprecated since v2.5.2. Instead of ln=1 use new_x=XPos.LMARGIN, new_y=YPos.NEXT.

/Users/Home/Documents/FinancialDashboard/financial_dashboard/app.py:427: DeprecationWarning:

The parameter "ln" is deprecated since v2.5.2. Instead of ln=1 use new_x=XPos.LMARGIN, new_y=YPos.NEXT.

/Users/Home/Documents/FinancialDashboard/financial_dashboard/app.py:431: DeprecationWarning:

The parameter "ln" is deprecated since v2.5.2. Instead of ln=1 use new_x=XPos.LMARGIN, new_y=YPos.NEXT.

/Users/Home/Documents/FinancialDashboard/financial_dashboard/app.py:432: DeprecationWarning:

The parameter "ln" is deprecated since v2.5.2. Instead of ln=1 use new_x=XPos.LMARGIN, new_y=YPos.NEXT.

/Users/Home/Documents/FinancialDashboard/financial_dashboard/app.py:457: DeprecationWarning:

The parameter "ln" is deprecated since v2.5.2. Instead of ln=1 use new_x=XPos.LMARGIN, new_y=YPos.NEXT.

/Users/Home/Documents/FinancialDashboard/financial_dashboard/app.py:480: DeprecationWarning:

The parameter "ln" is deprecated since v2.5.2. Instead of ln=1 use new_x=XPos.LMARGIN, new_y=YPos.NEXT.

/Users/Home/Documents/FinancialDashboard/financial_dashboard/app.py:504: DeprecationWarning:

The parameter "ln" is deprecated since v2.5.2. Instead of ln=1 use new_x=XPos.LMARGIN, new_y=YPos.NEXT.

/Users/Home/Documents/FinancialDashboard/financial_dashboard/app.py:522: DeprecationWarning:

The parameter "ln" is deprecated since v2.5.2. Instead of ln=1 use new_x=XPos.LMARGIN, new_y=YPos.NEXT.

/Users/Home/Documents/FinancialDashboard/financial_dashboard/app.py:504: DeprecationWarning:

The parameter "ln" is deprecated since v2.5.2. Instead of ln=1 use new_x=XPos.LMARGIN, new_y=YPos.NEXT.

/Users/Home/Documents/FinancialDashboard/financial_dashboard/app.py:537: DeprecationWarning:

The parameter "ln" is deprecated since v2.5.2. Instead of ln=1 use new_x=XPos.LMARGIN, new_y=YPos.NEXT.

/Users/Home/Documents/FinancialDashboard/financial_dashboard/app.py:522: DeprecationWarning:

The parameter "ln" is deprecated since v2.5.2. Instead of ln=1 use new_x=XPos.LMARGIN, new_y=YPos.NEXT.

/Users/Home/Documents/FinancialDashboard/financial_dashboard/app.py:539: DeprecationWarning:

The parameter "ln" is deprecated since v2.5.2. Instead of ln=1 use new_x=XPos.LMARGIN, new_y=YPos.NEXT.

/Users/Home/Documents/FinancialDashboard/financial_dashboard/app.py:537: DeprecationWarning:

The parameter "ln" is deprecated since v2.5.2. Instead of ln=1 use new_x=XPos.LMARGIN, new_y=YPos.NEXT.

/Users/Home/Documents/FinancialDashboard/financial_dashboard/app.py:539: DeprecationWarning:

The parameter "ln" is deprecated since v2.5.2. Instead of ln=1 use new_x=XPos.LMARGIN, new_y=YPos.NEXT.

/Users/Home/Documents/FinancialDashboard/financial_dashboard/app.py:606: DeprecationWarning:

The parameter "ln" is deprecated since v2.5.2. Instead of ln=1 use new_x=XPos.LMARGIN, new_y=YPos.NEXT.

/Users/Home/Documents/FinancialDashboard/financial_dashboard/app.py:611: DeprecationWarning:

The parameter "ln" is deprecated since v2.5.2. Instead of ln=1 use new_x=XPos.LMARGIN, new_y=YPos.NEXT.

/Users/Home/Documents/FinancialDashboard/financial_dashboard/app.py:628: DeprecationWarning:

The parameter "ln" is deprecated since v2.5.2. Instead of ln=1 use new_x=XPos.LMARGIN, new_y=YPos.NEXT.

/Users/Home/Documents/FinancialDashboard/financial_dashboard/app.py:606: DeprecationWarning:

The parameter "ln" is deprecated since v2.5.2. Instead of ln=1 use new_x=XPos.LMARGIN, new_y=YPos.NEXT.

/Users/Home/Documents/FinancialDashboard/financial_dashboard/app.py:611: DeprecationWarning:

The parameter "ln" is deprecated since v2.5.2. Instead of ln=1 use new_x=XPos.LMARGIN, new_y=YPos.NEXT.

/Users/Home/Documents/FinancialDashboard/financial_dashboard/app.py:628: DeprecationWarning:

The parameter "ln" is deprecated since v2.5.2. Instead of ln=1 use new_x=XPos.LMARGIN, new_y=YPos.NEXT.

/Users/Home/Documents/FinancialDashboard/financial_dashboard/app.py:406: DeprecationWarning:

The parameter "ln" is deprecated since v2.5.2. Instead of ln=1 use new_x=XPos.LMARGIN, new_y=YPos.NEXT.

/Users/Home/Documents/FinancialDashboard/financial_dashboard/app.py:408: DeprecationWarning:

The parameter "ln" is deprecated since v2.5.2. Instead of ln=1 use new_x=XPos.LMARGIN, new_y=YPos.NEXT.

/Users/Home/Documents/FinancialDashboard/financial_dashboard/app.py:412: DeprecationWarning:

The parameter "ln" is deprecated since v2.5.2. Instead of ln=1 use new_x=XPos.LMARGIN, new_y=YPos.NEXT.

/Users/Home/Documents/FinancialDashboard/financial_dashboard/app.py:425: DeprecationWarning:

The parameter "ln" is deprecated since v2.5.2. Instead of ln=1 use new_x=XPos.LMARGIN, new_y=YPos.NEXT.

/Users/Home/Documents/FinancialDashboard/financial_dashboard/app.py:426: DeprecationWarning:

The parameter "ln" is deprecated since v2.5.2. Instead of ln=1 use new_x=XPos.LMARGIN, new_y=YPos.NEXT.

/Users/Home/Documents/FinancialDashboard/financial_dashboard/app.py:427: DeprecationWarning:

The parameter "ln" is deprecated since v2.5.2. Instead of ln=1 use new_x=XPos.LMARGIN, new_y=YPos.NEXT.

/Users/Home/Documents/FinancialDashboard/financial_dashboard/app.py:431: DeprecationWarning:

The parameter "ln" is deprecated since v2.5.2. Instead of ln=1 use new_x=XPos.LMARGIN, new_y=YPos.NEXT.

/Users/Home/Documents/FinancialDashboard/financial_dashboard/app.py:432: DeprecationWarning:

The parameter "ln" is deprecated since v2.5.2. Instead of ln=1 use new_x=XPos.LMARGIN, new_y=YPos.NEXT.

/Users/Home/Documents/FinancialDashboard/financial_dashboard/app.py:457: DeprecationWarning:

The parameter "ln" is deprecated since v2.5.2. Instead of ln=1 use new_x=XPos.LMARGIN, new_y=YPos.NEXT.

/Users/Home/Documents/FinancialDashboard/financial_dashboard/app.py:480: DeprecationWarning:

The parameter "ln" is deprecated since v2.5.2. Instead of ln=1 use new_x=XPos.LMARGIN, new_y=YPos.NEXT.

/Users/Home/Documents/FinancialDashboard/financial_dashboard/app.py:504: DeprecationWarning:

The parameter "ln" is deprecated since v2.5.2. Instead of ln=1 use new_x=XPos.LMARGIN, new_y=YPos.NEXT.

/Users/Home/Documents/FinancialDashboard/financial_dashboard/app.py:522: DeprecationWarning:

The parameter "ln" is deprecated since v2.5.2. Instead of ln=1 use new_x=XPos.LMARGIN, new_y=YPos.NEXT.

/Users/Home/Documents/FinancialDashboard/financial_dashboard/app.py:537: DeprecationWarning:

The parameter "ln" is deprecated since v2.5.2. Instead of ln=1 use new_x=XPos.LMARGIN, new_y=YPos.NEXT.

/Users/Home/Documents/FinancialDashboard/financial_dashboard/app.py:539: DeprecationWarning:

The parameter "ln" is deprecated since v2.5.2. Instead of ln=1 use new_x=XPos.LMARGIN, new_y=YPos.NEXT.

/Users/Home/Documents/FinancialDashboard/financial_dashboard/app.py:606: DeprecationWarning:

The parameter "ln" is deprecated since v2.5.2. Instead of ln=1 use new_x=XPos.LMARGIN, new_y=YPos.NEXT.

/Users/Home/Documents/FinancialDashboard/financial_dashboard/app.py:611: DeprecationWarning:

The parameter "ln" is deprecated since v2.5.2. Instead of ln=1 use new_x=XPos.LMARGIN, new_y=YPos.NEXT.

/Users/Home/Documents/FinancialDashboard/financial_dashboard/app.py:628: DeprecationWarning:

The parameter "ln" is deprecated since v2.5.2. Instead of ln=1 use new_x=XPos.LMARGIN, new_y=YPos.NEXT.

/Users/Home/Documents/FinancialDashboard/financial_dashboard/app.py:406: DeprecationWarning:

The parameter "ln" is deprecated since v2.5.2. Instead of ln=1 use new_x=XPos.LMARGIN, new_y=YPos.NEXT.

/Users/Home/Documents/FinancialDashboard/financial_dashboard/app.py:408: DeprecationWarning:

The parameter "ln" is deprecated since v2.5.2. Instead of ln=1 use new_x=XPos.LMARGIN, new_y=YPos.NEXT.

/Users/Home/Documents/FinancialDashboard/financial_dashboard/app.py:412: DeprecationWarning:

The parameter "ln" is deprecated since v2.5.2. Instead of ln=1 use new_x=XPos.LMARGIN, new_y=YPos.NEXT.

/Users/Home/Documents/FinancialDashboard/financial_dashboard/app.py:425: DeprecationWarning:

The parameter "ln" is deprecated since v2.5.2. Instead of ln=1 use new_x=XPos.LMARGIN, new_y=YPos.NEXT.

/Users/Home/Documents/FinancialDashboard/financial_dashboard/app.py:426: DeprecationWarning:

The parameter "ln" is deprecated since v2.5.2. Instead of ln=1 use new_x=XPos.LMARGIN, new_y=YPos.NEXT.

/Users/Home/Documents/FinancialDashboard/financial_dashboard/app.py:427: DeprecationWarning:

The parameter "ln" is deprecated since v2.5.2. Instead of ln=1 use new_x=XPos.LMARGIN, new_y=YPos.NEXT.

/Users/Home/Documents/FinancialDashboard/financial_dashboard/app.py:431: DeprecationWarning:

The parameter "ln" is deprecated since v2.5.2. Instead of ln=1 use new_x=XPos.LMARGIN, new_y=YPos.NEXT.

/Users/Home/Documents/FinancialDashboard/financial_dashboard/app.py:432: DeprecationWarning:

The parameter "ln" is deprecated since v2.5.2. Instead of ln=1 use new_x=XPos.LMARGIN, new_y=YPos.NEXT.

/Users/Home/Documents/FinancialDashboard/financial_dashboard/app.py:457: DeprecationWarning:

The parameter "ln" is deprecated since v2.5.2. Instead of ln=1 use new_x=XPos.LMARGIN, new_y=YPos.NEXT.

/Users/Home/Documents/FinancialDashboard/financial_dashboard/app.py:480: DeprecationWarning:

The parameter "ln" is deprecated since v2.5.2. Instead of ln=1 use new_x=XPos.LMARGIN, new_y=YPos.NEXT.

/Users/Home/Documents/FinancialDashboard/financial_dashboard/app.py:504: DeprecationWarning:

The parameter "ln" is deprecated since v2.5.2. Instead of ln=1 use new_x=XPos.LMARGIN, new_y=YPos.NEXT.

/Users/Home/Documents/FinancialDashboard/financial_dashboard/app.py:522: DeprecationWarning:

The parameter "ln" is deprecated since v2.5.2. Instead of ln=1 use new_x=XPos.LMARGIN, new_y=YPos.NEXT.

/Users/Home/Documents/FinancialDashboard/financial_dashboard/app.py:537: DeprecationWarning:

The parameter "ln" is deprecated since v2.5.2. Instead of ln=1 use new_x=XPos.LMARGIN, new_y=YPos.NEXT.

/Users/Home/Documents/FinancialDashboard/financial_dashboard/app.py:539: DeprecationWarning:

The parameter "ln" is deprecated since v2.5.2. Instead of ln=1 use new_x=XPos.LMARGIN, new_y=YPos.NEXT.

/Users/Home/Documents/FinancialDashboard/financial_dashboard/app.py:606: DeprecationWarning:

The parameter "ln" is deprecated since v2.5.2. Instead of ln=1 use new_x=XPos.LMARGIN, new_y=YPos.NEXT.

/Users/Home/Documents/FinancialDashboard/financial_dashboard/app.py:611: DeprecationWarning:

The parameter "ln" is deprecated since v2.5.2. Instead of ln=1 use new_x=XPos.LMARGIN, new_y=YPos.NEXT.

/Users/Home/Documents/FinancialDashboard/financial_dashboard/app.py:628: DeprecationWarning:

The parameter "ln" is deprecated since v2.5.2. Instead of ln=1 use new_x=XPos.LMARGIN, new_y=YPos.NEXT.

/Users/Home/Documents/FinancialDashboard/financial_dashboard/app.py:406: DeprecationWarning:

The parameter "ln" is deprecated since v2.5.2. Instead of ln=1 use new_x=XPos.LMARGIN, new_y=YPos.NEXT.

/Users/Home/Documents/FinancialDashboard/financial_dashboard/app.py:408: DeprecationWarning:

The parameter "ln" is deprecated since v2.5.2. Instead of ln=1 use new_x=XPos.LMARGIN, new_y=YPos.NEXT.

/Users/Home/Documents/FinancialDashboard/financial_dashboard/app.py:412: DeprecationWarning:

The parameter "ln" is deprecated since v2.5.2. Instead of ln=1 use new_x=XPos.LMARGIN, new_y=YPos.NEXT.

/Users/Home/Documents/FinancialDashboard/financial_dashboard/app.py:425: DeprecationWarning:

The parameter "ln" is deprecated since v2.5.2. Instead of ln=1 use new_x=XPos.LMARGIN, new_y=YPos.NEXT.

/Users/Home/Documents/FinancialDashboard/financial_dashboard/app.py:426: DeprecationWarning:

The parameter "ln" is deprecated since v2.5.2. Instead of ln=1 use new_x=XPos.LMARGIN, new_y=YPos.NEXT.

/Users/Home/Documents/FinancialDashboard/financial_dashboard/app.py:427: DeprecationWarning:

The parameter "ln" is deprecated since v2.5.2. Instead of ln=1 use new_x=XPos.LMARGIN, new_y=YPos.NEXT.

/Users/Home/Documents/FinancialDashboard/financial_dashboard/app.py:431: DeprecationWarning:

The parameter "ln" is deprecated since v2.5.2. Instead of ln=1 use new_x=XPos.LMARGIN, new_y=YPos.NEXT.

/Users/Home/Documents/FinancialDashboard/financial_dashboard/app.py:432: DeprecationWarning:

The parameter "ln" is deprecated since v2.5.2. Instead of ln=1 use new_x=XPos.LMARGIN, new_y=YPos.NEXT.

/Users/Home/Documents/FinancialDashboard/financial_dashboard/app.py:457: DeprecationWarning:

The parameter "ln" is deprecated since v2.5.2. Instead of ln=1 use new_x=XPos.LMARGIN, new_y=YPos.NEXT.

/Users/Home/Documents/FinancialDashboard/financial_dashboard/app.py:480: DeprecationWarning:

The parameter "ln" is deprecated since v2.5.2. Instead of ln=1 use new_x=XPos.LMARGIN, new_y=YPos.NEXT.

/Users/Home/Documents/FinancialDashboard/financial_dashboard/app.py:504: DeprecationWarning:

The parameter "ln" is deprecated since v2.5.2. Instead of ln=1 use new_x=XPos.LMARGIN, new_y=YPos.NEXT.

/Users/Home/Documents/FinancialDashboard/financial_dashboard/app.py:522: DeprecationWarning:

The parameter "ln" is deprecated since v2.5.2. Instead of ln=1 use new_x=XPos.LMARGIN, new_y=YPos.NEXT.

/Users/Home/Documents/FinancialDashboard/financial_dashboard/app.py:537: DeprecationWarning:

The parameter "ln" is deprecated since v2.5.2. Instead of ln=1 use new_x=XPos.LMARGIN, new_y=YPos.NEXT.

/Users/Home/Documents/FinancialDashboard/financial_dashboard/app.py:539: DeprecationWarning:

The parameter "ln" is deprecated since v2.5.2. Instead of ln=1 use new_x=XPos.LMARGIN, new_y=YPos.NEXT.

/Users/Home/Documents/FinancialDashboard/financial_dashboard/app.py:606: DeprecationWarning:

The parameter "ln" is deprecated since v2.5.2. Instead of ln=1 use new_x=XPos.LMARGIN, new_y=YPos.NEXT.

/Users/Home/Documents/FinancialDashboard/financial_dashboard/app.py:611: DeprecationWarning:

The parameter "ln" is deprecated since v2.5.2. Instead of ln=1 use new_x=XPos.LMARGIN, new_y=YPos.NEXT.

/Users/Home/Documents/FinancialDashboard/financial_dashboard/app.py:628: DeprecationWarning:

The parameter "ln" is deprecated since v2.5.2. Instead of ln=1 use new_x=XPos.LMARGIN, new_y=YPos.NEXT.

